<?xml version="1.0" encoding="UTF-8"?>
<!-- Generated by org.testng.reporters.JUnitXMLReporter -->
<testsuite ignored="0" hostname="YP1002465LT" failures="0" tests="4" name="Default test" time="7.984" errors="0" timestamp="2023-11-17T14:24:16 IST">
  <testcase classname="api.test.UserTests" name="testPostuser" time="2.767"/>
  <testcase classname="api.test.UserTests" name="testGetuserByName" time="1.622"/>
  <testcase classname="api.test.UserTests" name="testUpdateuserByName" time="2.294"/>
  <testcase classname="api.test.UserTests" name="testDeleteuserByName" time="1.105"/>
</testsuite> <!-- Default test -->
