<?xml version="1.0" encoding="UTF-8"?>
<testsuite xmlns:xsi="http://www.w3.org/2001/XMLSchema-instance" xsi:noNamespaceSchemaLocation="https://maven.apache.org/surefire/maven-surefire-plugin/xsd/surefire-test-report-3.0.xsd" version="3.0" name="TestSuite" time="9.958" tests="4" errors="0" skipped="0" failures="0">
  <properties>
[...]
</properties>
  <testcase name="testPostuser" classname="api.test.UserTests" time="3.311">
    <system-out><![CDATA[repName---Test-report2023-11-23-14-25-15.html
post_UrlEndpoint == https://petstore.swagger.io/v2/user
HTTP/1.1 200 OK
Date: Thu, 23 Nov 2023 08:55:19 GMT
Content-Type: application/json
Transfer-Encoding: chunked
Connection: keep-alive
Access-Control-Allow-Origin: *
Access-Control-Allow-Methods: GET, POST, DELETE, PUT
Access-Control-Allow-Headers: Content-Type, api_key, Authorization
Server: Jetty(9.2.9.v20150224)

{
    "code": 200,
    "type": "unknown",
    "message": "515809288"
}
messageId===========515809288
]]></system-out>
  </testcase>
  <testcase name="testGetuserByName" classname="api.test.UserTests" time="1.192">
    <system-out><![CDATA[HTTP/1.1 200 OK
Date: Thu, 23 Nov 2023 08:55:20 GMT
Content-Type: application/json
Transfer-Encoding: chunked
Connection: keep-alive
Access-Control-Allow-Origin: *
Access-Control-Allow-Methods: GET, POST, DELETE, PUT
Access-Control-Allow-Headers: Content-Type, api_key, Authorization
Server: Jetty(9.2.9.v20150224)

{
    "id": 515809288,
    "username": "willow.hahn",
    "firstName": "Marcos",
    "lastName": "Moen",
    "email": "brandie.collins@example.com",
    "password": "k7dbxq",
    "phone": "(499) 091-0711",
    "userStatus": 0
}
tempId===========515809288
]]></system-out>
  </testcase>
  <testcase name="testUpdateuserByName" classname="api.test.UserTests" time="2.491">
    <system-out><![CDATA[HTTP/1.1 200 OK
Date: Thu, 23 Nov 2023 08:55:22 GMT
Content-Type: application/json
Transfer-Encoding: chunked
Connection: keep-alive
Access-Control-Allow-Origin: *
Access-Control-Allow-Methods: GET, POST, DELETE, PUT
Access-Control-Allow-Headers: Content-Type, api_key, Authorization
Server: Jetty(9.2.9.v20150224)

{
    "code": 200,
    "type": "unknown",
    "message": "515809288"
}
HTTP/1.1 200 OK
Date: Thu, 23 Nov 2023 08:55:23 GMT
Content-Type: application/json
Transfer-Encoding: chunked
Connection: keep-alive
Access-Control-Allow-Origin: *
Access-Control-Allow-Methods: GET, POST, DELETE, PUT
Access-Control-Allow-Headers: Content-Type, api_key, Authorization
Server: Jetty(9.2.9.v20150224)

{
    "id": 515809288,
    "username": "fidel.zieme",
    "firstName": "Brianne",
    "lastName": "Huel",
    "email": "brandie.collins@example.com",
    "password": "k7dbxq",
    "phone": "(499) 091-0711",
    "userStatus": 0
}
]]></system-out>
  </testcase>
  <testcase name="testDeleteuserByName" classname="api.test.UserTests" time="1.165">
    <system-out><![CDATA[HTTP/1.1 200 OK
Date: Thu, 23 Nov 2023 08:55:24 GMT
Content-Type: application/json
Transfer-Encoding: chunked
Connection: keep-alive
Access-Control-Allow-Origin: *
Access-Control-Allow-Methods: GET, POST, DELETE, PUT
Access-Control-Allow-Headers: Content-Type, api_key, Authorization
Server: Jetty(9.2.9.v20150224)

{
    "id": 515809288,
    "username": "fidel.zieme",
    "firstName": "Brianne",
    "lastName": "Huel",
    "email": "brandie.collins@example.com",
    "password": "k7dbxq",
    "phone": "(499) 091-0711",
    "userStatus": 0
}
]]></system-out>
  </testcase>
</testsuite>