<?xml version="1.0" encoding="UTF-8"?>
<testng-results ignored="0" total="4" passed="4" failed="0" skipped="0">
  <reporter-output>
  </reporter-output>
  <suite started-at="2023-11-23T15:31:11 IST" name="PetSuite" finished-at="2023-11-23T15:31:20 IST" duration-ms="9179">
    <groups>
    </groups>
    <test started-at="2023-11-23T15:31:11 IST" name="PetTest" finished-at="2023-11-23T15:31:20 IST" duration-ms="9179">
      <class name="api.test.UserTests">
        <test-method is-config="true" signature="setupData()[pri:0, instance:api.test.UserTests@30ee2816]" started-at="2023-11-23T15:31:11 IST" name="setupData" finished-at="2023-11-23T15:31:12 IST" duration-ms="781" status="PASS">
          <reporter-output>
          </reporter-output>
        </test-method> <!-- setupData -->
        <test-method signature="testPostuser()[pri:1, instance:api.test.UserTests@30ee2816]" started-at="2023-11-23T15:31:12 IST" name="testPostuser" finished-at="2023-11-23T15:31:15 IST" duration-ms="3597" status="PASS">
          <reporter-output>
          </reporter-output>
        </test-method> <!-- testPostuser -->
        <test-method signature="testGetuserByName()[pri:2, instance:api.test.UserTests@30ee2816]" started-at="2023-11-23T15:31:15 IST" name="testGetuserByName" finished-at="2023-11-23T15:31:16 IST" duration-ms="1169" status="PASS">
          <reporter-output>
          </reporter-output>
        </test-method> <!-- testGetuserByName -->
        <test-method signature="testUpdateuserByName()[pri:3, instance:api.test.UserTests@30ee2816]" started-at="2023-11-23T15:31:16 IST" name="testUpdateuserByName" finished-at="2023-11-23T15:31:19 IST" duration-ms="2244" status="PASS">
          <reporter-output>
          </reporter-output>
        </test-method> <!-- testUpdateuserByName -->
        <test-method signature="testDeleteuserByName()[pri:4, instance:api.test.UserTests@30ee2816]" started-at="2023-11-23T15:31:19 IST" name="testDeleteuserByName" finished-at="2023-11-23T15:31:20 IST" duration-ms="1155" status="PASS">
          <reporter-output>
          </reporter-output>
        </test-method> <!-- testDeleteuserByName -->
      </class> <!-- api.test.UserTests -->
    </test> <!-- PetTest -->
  </suite> <!-- PetSuite -->
</testng-results>
