<?xml version="1.0" encoding="UTF-8"?>
<testng-results ignored="0" total="4" passed="4" failed="0" skipped="0">
  <reporter-output>
  </reporter-output>
  <suite started-at="2023-11-23T13:22:47 IST" name="PetSuite" finished-at="2023-11-23T13:22:56 IST" duration-ms="8733">
    <groups>
    </groups>
    <test started-at="2023-11-23T13:22:47 IST" name="PetTest" finished-at="2023-11-23T13:22:56 IST" duration-ms="8733">
      <class name="api.test.UserTests">
        <test-method is-config="true" signature="setupData()[pri:0, instance:api.test.UserTests@31fa1761]" started-at="2023-11-23T13:22:47 IST" name="setupData" finished-at="2023-11-23T13:22:48 IST" duration-ms="642" status="PASS">
          <reporter-output>
          </reporter-output>
        </test-method> <!-- setupData -->
        <test-method signature="testPostuser()[pri:1, instance:api.test.UserTests@31fa1761]" started-at="2023-11-23T13:22:48 IST" name="testPostuser" finished-at="2023-11-23T13:22:52 IST" duration-ms="3440" status="PASS">
          <reporter-output>
          </reporter-output>
        </test-method> <!-- testPostuser -->
        <test-method signature="testGetuserByName()[pri:2, instance:api.test.UserTests@31fa1761]" started-at="2023-11-23T13:22:52 IST" name="testGetuserByName" finished-at="2023-11-23T13:22:53 IST" duration-ms="1162" status="PASS">
          <reporter-output>
          </reporter-output>
        </test-method> <!-- testGetuserByName -->
        <test-method signature="testUpdateuserByName()[pri:3, instance:api.test.UserTests@31fa1761]" started-at="2023-11-23T13:22:53 IST" name="testUpdateuserByName" finished-at="2023-11-23T13:22:55 IST" duration-ms="2157" status="PASS">
          <reporter-output>
          </reporter-output>
        </test-method> <!-- testUpdateuserByName -->
        <test-method signature="testDeleteuserByName()[pri:4, instance:api.test.UserTests@31fa1761]" started-at="2023-11-23T13:22:55 IST" name="testDeleteuserByName" finished-at="2023-11-23T13:22:56 IST" duration-ms="1122" status="PASS">
          <reporter-output>
          </reporter-output>
        </test-method> <!-- testDeleteuserByName -->
      </class> <!-- api.test.UserTests -->
    </test> <!-- PetTest -->
  </suite> <!-- PetSuite -->
</testng-results>
