<?xml version="1.0" encoding="UTF-8"?>
<!-- Generated by org.testng.reporters.JUnitXMLReporter -->
<testsuite ignored="0" hostname="YP1002465LT" failures="0" tests="4" name="PetTest" time="9.181" errors="0" timestamp="2023-11-23T14:25:24 IST">
  <testcase classname="api.test.UserTests" name="testPostuser" time="3.296"/>
  <testcase classname="api.test.UserTests" name="testGetuserByName" time="1.185"/>
  <testcase classname="api.test.UserTests" name="testUpdateuserByName" time="2.497"/>
  <testcase classname="api.test.UserTests" name="testDeleteuserByName" time="1.164"/>
</testsuite> <!-- PetTest -->
