<?xml version="1.0" encoding="UTF-8"?>
<!-- Generated by org.testng.reporters.JUnitXMLReporter -->
<testsuite ignored="0" hostname="YP1002465LT" failures="0" tests="4" name="PetTest" time="8.733" errors="0" timestamp="2023-11-23T13:22:56 IST">
  <testcase classname="api.test.UserTests" name="testPostuser" time="3.44"/>
  <testcase classname="api.test.UserTests" name="testGetuserByName" time="1.162"/>
  <testcase classname="api.test.UserTests" name="testUpdateuserByName" time="2.157"/>
  <testcase classname="api.test.UserTests" name="testDeleteuserByName" time="1.122"/>
</testsuite> <!-- PetTest -->
